(node:28096) [DEP0040] DeprecationWarning: The `punycode` module is deprecated. Please use a userland alternative instead.
(Use `node --trace-deprecation ...` to show where the warning was created)

🦞 OpenClaw 2026.2.3 (82c8313) — If something's on fire, I can't extinguish it—but I can write a beautiful postmortem.

Usage: openclaw [options] [command]

Options:
  -V, --version     output the version number
  --dev             Dev profile: isolate state under ~/.openclaw-dev, default
                    gateway port 19001, and shift derived ports (browser/canvas)
  --profile <name>  Use a named profile (isolates
                    OPENCLAW_STATE_DIR/OPENCLAW_CONFIG_PATH under
                    ~/.openclaw-<name>)
  --no-color        Disable ANSI colors
  -h, --help        display help for command

Commands:
  setup             Initialize ~/.openclaw/openclaw.json and the agent workspace
  onboard           Interactive wizard to set up the gateway, workspace, and
                    skills
  configure         Interactive prompt to set up credentials, devices, and agent
                    defaults
  config            Config helpers (get/set/unset). Run without subcommand for
                    the wizard.
  doctor            Health checks + quick fixes for the gateway and channels
  dashboard         Open the Control UI with your current token
  reset             Reset local config/state (keeps the CLI installed)
  uninstall         Uninstall the gateway service + local data (CLI remains)
  message           Send messages and channel actions
  memory            Memory search tools
  agent             Run an agent turn via the Gateway (use --local for embedded)
  agents            Manage isolated agents (workspaces + auth + routing)
  acp               Agent Control Protocol tools
  gateway           Gateway control
  daemon            Gateway service (legacy alias)
  logs              Gateway logs
  system            System events, heartbeat, and presence
  models            Model configuration
  approvals         Exec approvals
  nodes             Node commands
  devices           Device pairing + token management
  node              Node control
  sandbox           Sandbox tools
  tui               Terminal UI
  cron              Cron scheduler
  dns               DNS helpers
  docs              Docs helpers
  hooks             Hooks tooling
  webhooks          Webhook helpers
  pairing           Pairing helpers
  plugins           Plugin management
  channels          Channel management
  directory         Directory commands
  security          Security helpers
  skills            Skills management
  update            CLI update helpers
  completion        Generate shell completion script
  status            Show channel health and recent session recipients
  health            Fetch health from the running gateway
  sessions          List stored conversation sessions
  browser           Manage OpenClaw's dedicated browser (Chrome/Chromium)
  help              display help for command

Examples:
  openclaw channels login --verbose
    Link personal WhatsApp Web and show QR + connection logs.
  openclaw message send --target +15555550123 --message "Hi" --json
    Send via your web session and print JSON result.
  openclaw gateway --port 18789
    Run the WebSocket Gateway locally.
  openclaw --dev gateway
    Run a dev Gateway (isolated state/config) on ws://127.0.0.1:19001.
  openclaw gateway --force
    Kill anything bound to the default gateway port, then start it.
  openclaw gateway ...
    Gateway control via WebSocket.
  openclaw agent --to +15555550123 --message "Run summary" --deliver
    Talk directly to the agent using the Gateway; optionally send the WhatsApp reply.
  openclaw message send --channel telegram --target @mychat --message "Hi"
    Send via your Telegram bot.

Docs: https://docs.openclaw.ai/cli

